::1 - - [24/Nov/2015:09:11:48 +0000] "GET / HTTP/1.1" 200 422 "-" "Mozilla/5.0 (Windows NT 6.3; WOW64) AppleWebKit/537.36 (KHTML, like Gecko) Chrome/46.0.2490.86 Safari/537.36"
::1 - - [24/Nov/2015:09:11:48 +0000] "GET /css/style.css HTTP/1.1" 304 - "http://localhost/" "Mozilla/5.0 (Windows NT 6.3; WOW64) AppleWebKit/537.36 (KHTML, like Gecko) Chrome/46.0.2490.86 Safari/537.36"
::1 - - [24/Nov/2015:09:11:48 +0000] "GET /js/jquery-1.11.3.min.js HTTP/1.1" 404 36 "http://localhost/" "Mozilla/5.0 (Windows NT 6.3; WOW64) AppleWebKit/537.36 (KHTML, like Gecko) Chrome/46.0.2490.86 Safari/537.36"
::1 - - [24/Nov/2015:09:11:48 +0000] "GET /js/main.js HTTP/1.1" 404 23 "http://localhost/" "Mozilla/5.0 (Windows NT 6.3; WOW64) AppleWebKit/537.36 (KHTML, like Gecko) Chrome/46.0.2490.86 Safari/537.36"
::1 - - [24/Nov/2015:09:11:50 +0000] "GET / HTTP/1.1" 304 - "-" "Mozilla/5.0 (Windows NT 6.3; WOW64) AppleWebKit/537.36 (KHTML, like Gecko) Chrome/46.0.2490.86 Safari/537.36"
::1 - - [24/Nov/2015:09:11:50 +0000] "GET /css/style.css HTTP/1.1" 304 - "http://localhost/" "Mozilla/5.0 (Windows NT 6.3; WOW64) AppleWebKit/537.36 (KHTML, like Gecko) Chrome/46.0.2490.86 Safari/537.36"
::1 - - [24/Nov/2015:09:11:50 +0000] "GET /js/jquery-1.11.3.min.js HTTP/1.1" 404 36 "http://localhost/" "Mozilla/5.0 (Windows NT 6.3; WOW64) AppleWebKit/537.36 (KHTML, like Gecko) Chrome/46.0.2490.86 Safari/537.36"
::1 - - [24/Nov/2015:09:11:50 +0000] "GET /js/main.js HTTP/1.1" 404 23 "http://localhost/" "Mozilla/5.0 (Windows NT 6.3; WOW64) AppleWebKit/537.36 (KHTML, like Gecko) Chrome/46.0.2490.86 Safari/537.36"
::1 - - [24/Nov/2015:09:15:08 +0000] "GET / HTTP/1.1" 304 - "-" "Mozilla/5.0 (Windows NT 6.3; WOW64) AppleWebKit/537.36 (KHTML, like Gecko) Chrome/46.0.2490.86 Safari/537.36"
::1 - - [24/Nov/2015:09:15:08 +0000] "GET /js/jquery-1.11.3.min.js HTTP/1.1" 404 36 "http://localhost/" "Mozilla/5.0 (Windows NT 6.3; WOW64) AppleWebKit/537.36 (KHTML, like Gecko) Chrome/46.0.2490.86 Safari/537.36"
::1 - - [24/Nov/2015:09:15:08 +0000] "GET /js/main.js HTTP/1.1" 404 23 "http://localhost/" "Mozilla/5.0 (Windows NT 6.3; WOW64) AppleWebKit/537.36 (KHTML, like Gecko) Chrome/46.0.2490.86 Safari/537.36"
::1 - - [24/Nov/2015:09:15:08 +0000] "GET /css/style.css HTTP/1.1" 200 72 "http://localhost/" "Mozilla/5.0 (Windows NT 6.3; WOW64) AppleWebKit/537.36 (KHTML, like Gecko) Chrome/46.0.2490.86 Safari/537.36"
2001:6a8:3420:1000:2c9e:ff1d:520c:5df8 - - [24/Nov/2015:09:15:54 +0000] "GET / HTTP/1.1" 200 422 "-" "WWW-Mechanize/1.0.0 (http://rubyforge.org/projects/mechanize/)"
::1 - - [24/Nov/2015:11:18:31 +0000] "GET /api/restaurants HTTP/1.1" 404 28 "-" "Mozilla/5.0 (Windows NT 6.3; WOW64) AppleWebKit/537.36 (KHTML, like Gecko) Chrome/46.0.2490.86 Safari/537.36"
::1 - - [24/Nov/2015:11:19:56 +0000] "GET /api/restaurants HTTP/1.1" 200 471 "-" "Mozilla/5.0 (Windows NT 6.3; WOW64) AppleWebKit/537.36 (KHTML, like Gecko) Chrome/46.0.2490.86 Safari/537.36"
::1 - - [24/Nov/2015:11:23:08 +0000] "GET /api/restaurants HTTP/1.1" 200 471 "-" "Mozilla/5.0 (Windows NT 6.3; WOW64) AppleWebKit/537.36 (KHTML, like Gecko) Chrome/46.0.2490.86 Safari/537.36"
::1 - - [24/Nov/2015:11:24:12 +0000] "GET /api/restaurants/56543ffb0a4a0e88db856943 HTTP/1.1" 200 234 "-" "Mozilla/5.0 (Windows NT 6.3; WOW64) AppleWebKit/537.36 (KHTML, like Gecko) Chrome/46.0.2490.86 Safari/537.36"
::1 - - [24/Nov/2015:13:01:39 +0000] "GET /api/restaurants HTTP/1.1" 200 37 "-" "Mozilla/5.0 (Windows NT 6.3; WOW64) AppleWebKit/537.36 (KHTML, like Gecko) Chrome/46.0.2490.86 Safari/537.36"
::1 - - [24/Nov/2015:13:21:06 +0000] "GET /api/restaurants HTTP/1.1" 304 - "-" "Mozilla/5.0 (Windows NT 6.3; WOW64) AppleWebKit/537.36 (KHTML, like Gecko) Chrome/46.0.2490.86 Safari/537.36"
::1 - - [24/Nov/2015:13:21:08 +0000] "GET /api/restaurants HTTP/1.1" 304 - "-" "Mozilla/5.0 (Windows NT 6.3; WOW64) AppleWebKit/537.36 (KHTML, like Gecko) Chrome/46.0.2490.86 Safari/537.36"
::1 - - [24/Nov/2015:13:34:44 +0000] "GET /api/restaurants HTTP/1.1" 304 - "-" "Mozilla/5.0 (Windows NT 6.3; WOW64) AppleWebKit/537.36 (KHTML, like Gecko) Chrome/46.0.2490.86 Safari/537.36"
::1 - - [24/Nov/2015:13:34:51 +0000] "GET /api/restaurants/ HTTP/1.1" 200 37 "-" "Mozilla/5.0 (Windows NT 6.3; WOW64) AppleWebKit/537.36 (KHTML, like Gecko) Chrome/46.0.2490.86 Safari/537.36"
::1 - - [24/Nov/2015:13:35:06 +0000] "GET /api/restaurants/resto HTTP/1.1" 404 34 "-" "Mozilla/5.0 (Windows NT 6.3; WOW64) AppleWebKit/537.36 (KHTML, like Gecko) Chrome/46.0.2490.86 Safari/537.36"
::1 - - [24/Nov/2015:13:35:15 +0000] "GET /api/restaurants HTTP/1.1" 304 - "-" "Mozilla/5.0 (Windows NT 6.3; WOW64) AppleWebKit/537.36 (KHTML, like Gecko) Chrome/46.0.2490.86 Safari/537.36"
::1 - - [24/Nov/2015:14:34:19 +0000] "GET /api/restaurants HTTP/1.1" 200 571 "-" "Mozilla/5.0 (Windows NT 6.3; WOW64) AppleWebKit/537.36 (KHTML, like Gecko) Chrome/46.0.2490.86 Safari/537.36"
::1 - - [24/Nov/2015:14:37:03 +0000] "GET /api/restaurants/ HTTP/1.1" 200 571 "-" "Mozilla/5.0 (Windows NT 6.3; WOW64) AppleWebKit/537.36 (KHTML, like Gecko) Chrome/46.0.2490.86 Safari/537.36"
::1 - - [24/Nov/2015:14:37:23 +0000] "GET /api/restaurants/565441620a4a0e88db856944 HTTP/1.1" 404 53 "-" "Mozilla/5.0 (Windows NT 6.3; WOW64) AppleWebKit/537.36 (KHTML, like Gecko) Chrome/46.0.2490.86 Safari/537.36"
::1 - - [24/Nov/2015:14:57:30 +0000] "GET /api/restaurants/ HTTP/1.1" 200 571 "-" "Mozilla/5.0 (Windows NT 6.3; WOW64) AppleWebKit/537.36 (KHTML, like Gecko) Chrome/46.0.2490.86 Safari/537.36"
::1 - - [24/Nov/2015:14:58:35 +0000] "GET /api/restaurants/565441620a4a0e88db856944 HTTP/1.1" 500 2248 "-" "Mozilla/5.0 (Windows NT 6.3; WOW64) AppleWebKit/537.36 (KHTML, like Gecko) Chrome/46.0.2490.86 Safari/537.36"
::1 - - [24/Nov/2015:14:58:45 +0000] "GET /api/restaurants/ HTTP/1.1" 200 571 "-" "Mozilla/5.0 (Windows NT 6.3; WOW64) AppleWebKit/537.36 (KHTML, like Gecko) Chrome/46.0.2490.86 Safari/537.36"
::1 - - [24/Nov/2015:14:58:57 +0000] "GET /api/restaurants/56543ffb0a4a0e88db856943 HTTP/1.1" 500 2248 "-" "Mozilla/5.0 (Windows NT 6.3; WOW64) AppleWebKit/537.36 (KHTML, like Gecko) Chrome/46.0.2490.86 Safari/537.36"
::1 - - [24/Nov/2015:14:59:40 +0000] "GET /api/restaurants/56543ffb0a4a0e88db856943 HTTP/1.1" 200 284 "-" "Mozilla/5.0 (Windows NT 6.3; WOW64) AppleWebKit/537.36 (KHTML, like Gecko) Chrome/46.0.2490.86 Safari/537.36"
::1 - - [24/Nov/2015:15:01:54 +0000] "GET /api/restaurants/ HTTP/1.1" 200 571 "-" "Mozilla/5.0 (Windows NT 6.3; WOW64) AppleWebKit/537.36 (KHTML, like Gecko) Chrome/46.0.2490.86 Safari/537.36"
::1 - - [24/Nov/2015:15:03:27 +0000] "GET /api/restaurants/ HTTP/1.1" 200 571 "-" "Mozilla/5.0 (Windows NT 6.3; WOW64) AppleWebKit/537.36 (KHTML, like Gecko) Chrome/46.0.2490.86 Safari/537.36"
::1 - - [24/Nov/2015:15:12:54 +0000] "GET /api/restaurants/ HTTP/1.1" 200 571 "-" "Mozilla/5.0 (Windows NT 6.3; WOW64) AppleWebKit/537.36 (KHTML, like Gecko) Chrome/46.0.2490.86 Safari/537.36"
::1 - - [25/Nov/2015:07:20:30 +0000] "GET /api/restaurants HTTP/1.1" 200 571 "-" "Mozilla/5.0 (Windows NT 6.3; WOW64) AppleWebKit/537.36 (KHTML, like Gecko) Chrome/46.0.2490.86 Safari/537.36"
::1 - - [25/Nov/2015:07:20:30 +0000] "GET /favicon.ico HTTP/1.1" 404 24 "http://localhost/api/restaurants" "Mozilla/5.0 (Windows NT 6.3; WOW64) AppleWebKit/537.36 (KHTML, like Gecko) Chrome/46.0.2490.86 Safari/537.36"
::1 - - [25/Nov/2015:08:01:21 +0000] "GET /api/restaurants HTTP/1.1" 200 571 "-" "Mozilla/5.0 (Windows NT 6.3; WOW64) AppleWebKit/537.36 (KHTML, like Gecko) Chrome/46.0.2490.86 Safari/537.36"
::1 - - [25/Nov/2015:08:01:35 +0000] "GET /api/restaurants/565441620a4a0e88db856944 HTTP/1.1" 200 284 "-" "Mozilla/5.0 (Windows NT 6.3; WOW64) AppleWebKit/537.36 (KHTML, like Gecko) Chrome/46.0.2490.86 Safari/537.36"
::1 - - [25/Nov/2015:08:17:28 +0000] "GET /api/restaurants/name/Bobby%20la%20pointe HTTP/1.1" 200 284 "-" "Mozilla/5.0 (Windows NT 6.3; WOW64) AppleWebKit/537.36 (KHTML, like Gecko) Chrome/46.0.2490.86 Safari/537.36"
::1 - - [25/Nov/2015:08:17:38 +0000] "GET /api/restaurants/ HTTP/1.1" 200 571 "-" "Mozilla/5.0 (Windows NT 6.3; WOW64) AppleWebKit/537.36 (KHTML, like Gecko) Chrome/46.0.2490.86 Safari/537.36"
::1 - - [25/Nov/2015:08:17:43 +0000] "GET /api/restaurants/1234 HTTP/1.1" 200 60 "-" "Mozilla/5.0 (Windows NT 6.3; WOW64) AppleWebKit/537.36 (KHTML, like Gecko) Chrome/46.0.2490.86 Safari/537.36"
::1 - - [25/Nov/2015:08:18:00 +0000] "GET /api/restaurants/name/Gilles HTTP/1.1" 200 284 "-" "Mozilla/5.0 (Windows NT 6.3; WOW64) AppleWebKit/537.36 (KHTML, like Gecko) Chrome/46.0.2490.86 Safari/537.36"
::1 - - [25/Nov/2015:08:18:21 +0000] "GET /api/restaurants/phone/0032 HTTP/1.1" 200 284 "-" "Mozilla/5.0 (Windows NT 6.3; WOW64) AppleWebKit/537.36 (KHTML, like Gecko) Chrome/46.0.2490.86 Safari/537.36"
::1 - - [25/Nov/2015:08:18:28 +0000] "GET /api/restaurants/ HTTP/1.1" 200 571 "-" "Mozilla/5.0 (Windows NT 6.3; WOW64) AppleWebKit/537.36 (KHTML, like Gecko) Chrome/46.0.2490.86 Safari/537.36"
::1 - - [25/Nov/2015:08:18:58 +0000] "GET /api/restaurants/street/marelle HTTP/1.1" 200 4 "-" "Mozilla/5.0 (Windows NT 6.3; WOW64) AppleWebKit/537.36 (KHTML, like Gecko) Chrome/46.0.2490.86 Safari/537.36"
::1 - - [25/Nov/2015:08:19:11 +0000] "GET /api/restaurants/ HTTP/1.1" 200 571 "-" "Mozilla/5.0 (Windows NT 6.3; WOW64) AppleWebKit/537.36 (KHTML, like Gecko) Chrome/46.0.2490.86 Safari/537.36"
::1 - - [25/Nov/2015:08:19:38 +0000] "GET /api/restaurants/street/rue%20de%20la%20marelle HTTP/1.1" 200 4 "-" "Mozilla/5.0 (Windows NT 6.3; WOW64) AppleWebKit/537.36 (KHTML, like Gecko) Chrome/46.0.2490.86 Safari/537.36"
::1 - - [25/Nov/2015:08:19:55 +0000] "GET /api/restaurants/address/street/rue%20de%20la%20marelle HTTP/1.1" 404 67 "-" "Mozilla/5.0 (Windows NT 6.3; WOW64) AppleWebKit/537.36 (KHTML, like Gecko) Chrome/46.0.2490.86 Safari/537.36"
::1 - - [25/Nov/2015:08:20:02 +0000] "GET /api/restaurants/ HTTP/1.1" 200 571 "-" "Mozilla/5.0 (Windows NT 6.3; WOW64) AppleWebKit/537.36 (KHTML, like Gecko) Chrome/46.0.2490.86 Safari/537.36"
::1 - - [25/Nov/2015:08:20:31 +0000] "GET /api/restaurants/number/230 HTTP/1.1" 200 4 "-" "Mozilla/5.0 (Windows NT 6.3; WOW64) AppleWebKit/537.36 (KHTML, like Gecko) Chrome/46.0.2490.86 Safari/537.36"
::1 - - [25/Nov/2015:08:20:41 +0000] "GET /api/restaurants/ HTTP/1.1" 200 571 "-" "Mozilla/5.0 (Windows NT 6.3; WOW64) AppleWebKit/537.36 (KHTML, like Gecko) Chrome/46.0.2490.86 Safari/537.36"
::1 - - [25/Nov/2015:08:21:21 +0000] "GET /api/restaurants/address.street/marelle HTTP/1.1" 200 284 "-" "Mozilla/5.0 (Windows NT 6.3; WOW64) AppleWebKit/537.36 (KHTML, like Gecko) Chrome/46.0.2490.86 Safari/537.36"
::1 - - [25/Nov/2015:08:21:35 +0000] "GET /api/restaurants/ HTTP/1.1" 200 571 "-" "Mozilla/5.0 (Windows NT 6.3; WOW64) AppleWebKit/537.36 (KHTML, like Gecko) Chrome/46.0.2490.86 Safari/537.36"
::1 - - [25/Nov/2015:09:04:52 +0000] "GET /api/restaurants/ HTTP/1.1" 200 571 "-" "Mozilla/5.0 (Windows NT 6.3; WOW64) AppleWebKit/537.36 (KHTML, like Gecko) Chrome/46.0.2490.86 Safari/537.36"
::1 - - [25/Nov/2015:09:06:04 +0000] "POST /api/restaurants/ HTTP/1.1" 400 1078 "-" "Mozilla/5.0 (Windows NT 6.3; WOW64) AppleWebKit/537.36 (KHTML, like Gecko) Chrome/46.0.2490.86 Safari/537.36"
::1 - - [25/Nov/2015:09:09:17 +0000] "GET /api/restaurants/ HTTP/1.1" 200 571 "-" "Mozilla/5.0 (Windows NT 6.3; WOW64) AppleWebKit/537.36 (KHTML, like Gecko) Chrome/46.0.2490.86 Safari/537.36"
::1 - - [25/Nov/2015:09:16:14 +0000] "POST /api/restaurants/ HTTP/1.1" 400 1078 "-" "Mozilla/5.0 (Windows NT 6.3; WOW64) AppleWebKit/537.36 (KHTML, like Gecko) Chrome/46.0.2490.86 Safari/537.36"
::1 - - [25/Nov/2015:09:23:22 +0000] "POST /api/restaurants/ HTTP/1.1" - - "-" "Mozilla/5.0 (Windows NT 6.3; WOW64) AppleWebKit/537.36 (KHTML, like Gecko) Chrome/46.0.2490.86 Safari/537.36"
::1 - - [25/Nov/2015:09:24:14 +0000] "POST /api/restaurants/ HTTP/1.1" - - "-" "Mozilla/5.0 (Windows NT 6.3; WOW64) AppleWebKit/537.36 (KHTML, like Gecko) Chrome/46.0.2490.86 Safari/537.36"
::1 - - [25/Nov/2015:09:27:56 +0000] "GET /api/restaurants HTTP/1.1" 200 571 "-" "Mozilla/5.0 (Windows NT 6.3; WOW64) AppleWebKit/537.36 (KHTML, like Gecko) Chrome/46.0.2490.86 Safari/537.36"
::1 - - [25/Nov/2015:09:29:27 +0000] "POST /api/restaurants/ HTTP/1.1" 200 37 "-" "Mozilla/5.0 (Windows NT 6.3; WOW64) AppleWebKit/537.36 (KHTML, like Gecko) Chrome/46.0.2490.86 Safari/537.36"
::1 - - [25/Nov/2015:09:30:30 +0000] "GET /api/restaurants/ HTTP/1.1" 200 854 "-" "Mozilla/5.0 (Windows NT 6.3; WOW64) AppleWebKit/537.36 (KHTML, like Gecko) Chrome/46.0.2490.86 Safari/537.36"
::1 - - [25/Nov/2015:09:32:54 +0000] "POST /api/restaurants/ HTTP/1.1" 200 37 "-" "Mozilla/5.0 (Windows NT 6.3; WOW64) AppleWebKit/537.36 (KHTML, like Gecko) Chrome/46.0.2490.86 Safari/537.36"
::1 - - [25/Nov/2015:09:36:23 +0000] "GET /api/restaurants/ HTTP/1.1" 200 1124 "-" "Mozilla/5.0 (Windows NT 6.3; WOW64) AppleWebKit/537.36 (KHTML, like Gecko) Chrome/46.0.2490.86 Safari/537.36"
::1 - - [25/Nov/2015:09:36:49 +0000] "DELETE /api/restaurants/56557f773e15db080af83428 HTTP/1.1" 404 56 "-" "Mozilla/5.0 (Windows NT 6.3; WOW64) AppleWebKit/537.36 (KHTML, like Gecko) Chrome/46.0.2490.86 Safari/537.36"
::1 - - [25/Nov/2015:09:36:59 +0000] "DELETE /api/restaurants/56557f773e15db080af83428 HTTP/1.1" 404 56 "-" "Mozilla/5.0 (Windows NT 6.3; WOW64) AppleWebKit/537.36 (KHTML, like Gecko) Chrome/46.0.2490.86 Safari/537.36"
::1 - - [25/Nov/2015:09:37:05 +0000] "GET /api/restaurants HTTP/1.1" 200 1124 "-" "Mozilla/5.0 (Windows NT 6.3; WOW64) AppleWebKit/537.36 (KHTML, like Gecko) Chrome/46.0.2490.86 Safari/537.36"
::1 - - [25/Nov/2015:09:39:16 +0000] "GET /api/restaurants HTTP/1.1" 200 1124 "-" "Mozilla/5.0 (Windows NT 6.3; WOW64) AppleWebKit/537.36 (KHTML, like Gecko) Chrome/46.0.2490.86 Safari/537.36"
::1 - - [25/Nov/2015:09:39:29 +0000] "DELETE /api/restaurants/56557f773e15db080af83428 HTTP/1.1" 404 56 "-" "Mozilla/5.0 (Windows NT 6.3; WOW64) AppleWebKit/537.36 (KHTML, like Gecko) Chrome/46.0.2490.86 Safari/537.36"
::1 - - [25/Nov/2015:09:39:33 +0000] "DELETE /api/restaurants/56557f773e15db080af83428 HTTP/1.1" 404 56 "-" "Mozilla/5.0 (Windows NT 6.3; WOW64) AppleWebKit/537.36 (KHTML, like Gecko) Chrome/46.0.2490.86 Safari/537.36"
::1 - - [25/Nov/2015:09:39:56 +0000] "GET /api/restaurants HTTP/1.1" 200 1124 "-" "Mozilla/5.0 (Windows NT 6.3; WOW64) AppleWebKit/537.36 (KHTML, like Gecko) Chrome/46.0.2490.86 Safari/537.36"
::1 - - [25/Nov/2015:10:07:35 +0000] "DELETE /api/restaurants/56557f773e15db080af83428 HTTP/1.1" 404 56 "-" "Mozilla/5.0 (Windows NT 6.3; WOW64) AppleWebKit/537.36 (KHTML, like Gecko) Chrome/46.0.2490.86 Safari/537.36"
::1 - - [25/Nov/2015:10:08:05 +0000] "GET /api/restaurants HTTP/1.1" 200 1124 "-" "Mozilla/5.0 (Windows NT 6.3; WOW64) AppleWebKit/537.36 (KHTML, like Gecko) Chrome/46.0.2490.86 Safari/537.36"
::1 - - [25/Nov/2015:10:11:20 +0000] "GET /api/restaurants HTTP/1.1" 200 1124 "-" "Mozilla/5.0 (Windows NT 6.3; WOW64) AppleWebKit/537.36 (KHTML, like Gecko) Chrome/46.0.2490.86 Safari/537.36"
::1 - - [25/Nov/2015:10:11:28 +0000] "DELETE /api/restaurants/56557f773e15db080af83428 HTTP/1.1" 404 56 "-" "Mozilla/5.0 (Windows NT 6.3; WOW64) AppleWebKit/537.36 (KHTML, like Gecko) Chrome/46.0.2490.86 Safari/537.36"
::1 - - [25/Nov/2015:10:13:07 +0000] "DELETE /api/restaurants/56557f773e15db080af83428 HTTP/1.1" 404 56 "-" "Mozilla/5.0 (Windows NT 6.3; WOW64) AppleWebKit/537.36 (KHTML, like Gecko) Chrome/46.0.2490.86 Safari/537.36"
::1 - - [25/Nov/2015:10:21:11 +0000] "DELETE /api/restaurants/56557f773e15db080af83428 HTTP/1.1" 200 34 "-" "Mozilla/5.0 (Windows NT 6.3; WOW64) AppleWebKit/537.36 (KHTML, like Gecko) Chrome/46.0.2490.86 Safari/537.36"
::1 - - [25/Nov/2015:10:21:18 +0000] "GET /api/restaurants HTTP/1.1" 200 841 "-" "Mozilla/5.0 (Windows NT 6.3; WOW64) AppleWebKit/537.36 (KHTML, like Gecko) Chrome/46.0.2490.86 Safari/537.36"
::1 - - [25/Nov/2015:10:49:15 +0000] "GET /api/restaurants HTTP/1.1" 200 841 "-" "Mozilla/5.0 (Windows NT 6.3; WOW64) AppleWebKit/537.36 (KHTML, like Gecko) Chrome/46.0.2490.86 Safari/537.36"
::1 - - [25/Nov/2015:10:49:53 +0000] "POST /api/restaurants HTTP/1.1" 200 37 "-" "Mozilla/5.0 (Windows NT 6.3; WOW64) AppleWebKit/537.36 (KHTML, like Gecko) Chrome/46.0.2490.86 Safari/537.36"
::1 - - [25/Nov/2015:10:50:05 +0000] "GET /api/restaurants HTTP/1.1" 200 1103 "-" "Mozilla/5.0 (Windows NT 6.3; WOW64) AppleWebKit/537.36 (KHTML, like Gecko) Chrome/46.0.2490.86 Safari/537.36"
